c:\users\martin\documents\visual studio 2015\projects\351_socket_thread_final\debug\351_socket_thread_final.pch
c:\users\martin\documents\visual studio 2015\projects\351_socket_thread_final\debug\vc140.pdb
c:\users\martin\documents\visual studio 2015\projects\351_socket_thread_final\debug\vc140.idb
c:\users\martin\documents\visual studio 2015\projects\351_socket_thread_final\debug\stdafx.obj
c:\users\martin\documents\visual studio 2015\projects\351_socket_thread_final\debug\351_socket_thread_final.obj
c:\users\martin\documents\visual studio 2015\projects\351_socket_thread_final\debug\351_socket_thread_finaldlg.obj
c:\users\martin\documents\visual studio 2015\projects\351_socket_thread_final\debug\chatbox_dialog.obj
c:\users\martin\documents\visual studio 2015\projects\351_socket_thread_final\debug\351_socket_thread_final.ilk
c:\users\martin\documents\visual studio 2015\projects\351_socket_thread_final\debug\351_socket_thread_final.exe
c:\users\martin\documents\visual studio 2015\projects\351_socket_thread_final\debug\351_socket_thread_final.pdb
c:\users\martin\documents\visual studio 2015\projects\351_socket_thread_final\debug\351_socket_thread_final.res
c:\users\martin\documents\visual studio 2015\projects\351_socket_thread_final\debug\351_sock.3d1a1125.tlog\cl.command.1.tlog
c:\users\martin\documents\visual studio 2015\projects\351_socket_thread_final\debug\351_sock.3d1a1125.tlog\cl.read.1.tlog
c:\users\martin\documents\visual studio 2015\projects\351_socket_thread_final\debug\351_sock.3d1a1125.tlog\cl.write.1.tlog
c:\users\martin\documents\visual studio 2015\projects\351_socket_thread_final\debug\351_sock.3d1a1125.tlog\link.command.1.tlog
c:\users\martin\documents\visual studio 2015\projects\351_socket_thread_final\debug\351_sock.3d1a1125.tlog\link.read.1.tlog
c:\users\martin\documents\visual studio 2015\projects\351_socket_thread_final\debug\351_sock.3d1a1125.tlog\link.write.1.tlog
c:\users\martin\documents\visual studio 2015\projects\351_socket_thread_final\debug\351_sock.3d1a1125.tlog\rc.command.1.tlog
c:\users\martin\documents\visual studio 2015\projects\351_socket_thread_final\debug\351_sock.3d1a1125.tlog\rc.read.1.tlog
c:\users\martin\documents\visual studio 2015\projects\351_socket_thread_final\debug\351_sock.3d1a1125.tlog\rc.write.1.tlog
